<?xml version="1.0" encoding="UTF-8"?>
<testsuite xmlns:xsi="http://www.w3.org/2001/XMLSchema-instance" xsi:noNamespaceSchemaLocation="https://maven.apache.org/surefire/maven-surefire-plugin/xsd/surefire-test-report-3.0.xsd" version="3.0" name="com.examly.springapp.SpringappApplicationTests" time="5.74" tests="80" errors="0" skipped="0" failures="0">
  <properties>
[...]
</properties>
  <testcase name="Day3_test_Controller_Directory_Exists" classname="com.examly.springapp.SpringappApplicationTests" time="0.15">
    <system-out><![CDATA[16:03:48.531 [main] DEBUG org.springframework.boot.test.context.SpringBootTestContextBootstrapper - Neither @ContextConfiguration nor @ContextHierarchy found for test class [SpringappApplicationTests]: using SpringBootContextLoader
16:03:48.534 [main] DEBUG org.springframework.test.context.support.AbstractContextLoader - Could not detect default resource locations for test class [com.examly.springapp.SpringappApplicationTests]: no resource found for suffixes {-context.xml, Context.groovy}.
16:03:48.535 [main] INFO org.springframework.test.context.support.AnnotationConfigContextLoaderUtils - Could not detect default configuration classes for test class [com.examly.springapp.SpringappApplicationTests]: SpringappApplicationTests does not declare any static, non-private, non-final, nested classes annotated with @Configuration.
16:03:48.562 [main] DEBUG org.springframework.boot.test.context.SpringBootTestContextBootstrapper - Using ContextCustomizers for test class [SpringappApplicationTests]: [ImportsContextCustomizer, ExcludeFilterContextCustomizer, DuplicateJsonObjectContextCustomizer, MockitoContextCustomizer, TestRestTemplateContextCustomizer, DisableObservabilityContextCustomizer, PropertyMappingContextCustomizer, Customizer]
16:03:48.611 [main] DEBUG org.springframework.context.annotation.ClassPathScanningCandidateComponentProvider - Identified candidate component class: file [/home/coder/project/workspace/springapp/target/classes/com/examly/springapp/SpringappApplication.class]
16:03:48.612 [main] INFO org.springframework.boot.test.context.SpringBootTestContextBootstrapper - Found @SpringBootConfiguration com.examly.springapp.SpringappApplication for test class com.examly.springapp.SpringappApplicationTests
16:03:48.677 [main] DEBUG org.springframework.boot.test.context.SpringBootTestContextBootstrapper - Using TestExecutionListeners for test class [SpringappApplicationTests]: [ServletTestExecutionListener, DirtiesContextBeforeModesTestExecutionListener, ApplicationEventsTestExecutionListener, MockitoTestExecutionListener, DependencyInjectionTestExecutionListener, DirtiesContextTestExecutionListener, TransactionalTestExecutionListener, SqlScriptsTestExecutionListener, EventPublishingTestExecutionListener, ResetMocksTestExecutionListener, RestDocsTestExecutionListener, MockRestServiceServerResetTestExecutionListener, MockMvcPrintOnlyOnFailureTestExecutionListener, WebDriverTestExecutionListener, MockWebServiceServerTestExecutionListener]
16:03:48.678 [main] DEBUG org.springframework.test.context.support.AbstractDirtiesContextTestExecutionListener - Before test class: class [SpringappApplicationTests], class annotated with @DirtiesContext [false] with mode [null]

  .   ____          _            __ _ _
 /\\ / ___'_ __ _ _(_)_ __  __ _ \ \ \ \
( ( )\___ | '_ | '_| | '_ \/ _` | \ \ \ \
 \\/  ___)| |_)| | | | | || (_| |  ) ) ) )
  '  |____| .__|_| |_|_| |_\__, | / / / /
 =========|_|==============|___/=/_/_/_/
 :: Spring Boot ::                (v3.0.1)

2025-12-26T16:03:48.880Z  INFO 26961 --- [           main] c.e.springapp.SpringappApplicationTests  : Starting SpringappApplicationTests using Java 17.0.17 with PID 26961 (started by coder in /home/coder/project/workspace/springapp)
2025-12-26T16:03:48.881Z DEBUG 26961 --- [           main] c.e.springapp.SpringappApplicationTests  : Running with Spring Boot v3.0.1, Spring v6.0.3
2025-12-26T16:03:48.881Z  INFO 26961 --- [           main] c.e.springapp.SpringappApplicationTests  : No active profile set, falling back to 1 default profile: "default"
2025-12-26T16:03:49.270Z  INFO 26961 --- [           main] .s.d.r.c.RepositoryConfigurationDelegate : Bootstrapping Spring Data JPA repositories in DEFAULT mode.
2025-12-26T16:03:49.313Z  INFO 26961 --- [           main] .s.d.r.c.RepositoryConfigurationDelegate : Finished Spring Data repository scanning in 37 ms. Found 5 JPA repository interfaces.
2025-12-26T16:03:49.936Z  INFO 26961 --- [           main] o.hibernate.jpa.internal.util.LogHelper  : HHH000204: Processing PersistenceUnitInfo [name: default]
2025-12-26T16:03:49.966Z  INFO 26961 --- [           main] org.hibernate.Version                    : HHH000412: Hibernate ORM core version 6.1.6.Final
2025-12-26T16:03:50.071Z  WARN 26961 --- [           main] org.hibernate.orm.deprecation            : HHH90000021: Encountered deprecated setting [javax.persistence.sharedCache.mode], use [jakarta.persistence.sharedCache.mode] instead
2025-12-26T16:03:50.161Z  INFO 26961 --- [           main] com.zaxxer.hikari.HikariDataSource       : HikariPool-1 - Starting...
2025-12-26T16:03:50.293Z  INFO 26961 --- [           main] com.zaxxer.hikari.pool.HikariPool        : HikariPool-1 - Added connection conn0: url=jdbc:h2:mem:testdb user=SA
2025-12-26T16:03:50.295Z  INFO 26961 --- [           main] com.zaxxer.hikari.HikariDataSource       : HikariPool-1 - Start completed.
2025-12-26T16:03:50.309Z  INFO 26961 --- [           main] SQL dialect                              : HHH000400: Using dialect: org.hibernate.dialect.H2Dialect
2025-12-26T16:03:50.928Z DEBUG 26961 --- [           main] org.hibernate.SQL                        : 
    
    drop table if exists bookings cascade 
Hibernate: 
    
    drop table if exists bookings cascade 
2025-12-26T16:03:50.931Z DEBUG 26961 --- [           main] org.hibernate.SQL                        : 
    
    drop table if exists guests cascade 
Hibernate: 
    
    drop table if exists guests cascade 
2025-12-26T16:03:50.932Z DEBUG 26961 --- [           main] org.hibernate.SQL                        : 
    
    drop table if exists payments cascade 
Hibernate: 
    
    drop table if exists payments cascade 
2025-12-26T16:03:50.932Z DEBUG 26961 --- [           main] org.hibernate.SQL                        : 
    
    drop table if exists room_categories cascade 
Hibernate: 
    
    drop table if exists room_categories cascade 
2025-12-26T16:03:50.932Z DEBUG 26961 --- [           main] org.hibernate.SQL                        : 
    
    drop table if exists rooms cascade 
Hibernate: 
    
    drop table if exists rooms cascade 
2025-12-26T16:03:50.935Z DEBUG 26961 --- [           main] org.hibernate.SQL                        : 
    
    create table bookings (
       booking_id bigint generated by default as identity,
        booking_date timestamp(6) not null,
        check_in_date date not null,
        check_out_date date not null,
        number_of_guests integer,
        special_requests varchar(255),
        status varchar(255) not null,
        total_amount numeric(38,2) not null,
        guest_id bigint not null,
        room_id bigint not null,
        primary key (booking_id)
    )
Hibernate: 
    
    create table bookings (
       booking_id bigint generated by default as identity,
        booking_date timestamp(6) not null,
        check_in_date date not null,
        check_out_date date not null,
        number_of_guests integer,
        special_requests varchar(255),
        status varchar(255) not null,
        total_amount numeric(38,2) not null,
        guest_id bigint not null,
        room_id bigint not null,
        primary key (booking_id)
    )
2025-12-26T16:03:50.942Z DEBUG 26961 --- [           main] org.hibernate.SQL                        : 
    
    create table guests (
       guest_id bigint generated by default as identity,
        address varchar(255),
        email varchar(255) not null,
        name varchar(255) not null,
        phone varchar(255) not null,
        registration_date timestamp(6),
        primary key (guest_id)
    )
Hibernate: 
    
    create table guests (
       guest_id bigint generated by default as identity,
        address varchar(255),
        email varchar(255) not null,
        name varchar(255) not null,
        phone varchar(255) not null,
        registration_date timestamp(6),
        primary key (guest_id)
    )
2025-12-26T16:03:50.944Z DEBUG 26961 --- [           main] org.hibernate.SQL                        : 
    
    create table payments (
       payment_id bigint generated by default as identity,
        amount numeric(38,2) not null,
        notes varchar(255),
        payment_date timestamp(6) not null,
        payment_method varchar(255) not null,
        payment_reference varchar(255),
        status varchar(255) not null,
        transaction_id varchar(255),
        booking_id bigint not null,
        primary key (payment_id)
    )
Hibernate: 
    
    create table payments (
       payment_id bigint generated by default as identity,
        amount numeric(38,2) not null,
        notes varchar(255),
        payment_date timestamp(6) not null,
        payment_method varchar(255) not null,
        payment_reference varchar(255),
        status varchar(255) not null,
        transaction_id varchar(255),
        booking_id bigint not null,
        primary key (payment_id)
    )
2025-12-26T16:03:50.945Z DEBUG 26961 --- [           main] org.hibernate.SQL                        : 
    
    create table room_categories (
       category_id bigint generated by default as identity,
        category_name varchar(255) not null,
        description varchar(255),
        primary key (category_id)
    )
Hibernate: 
    
    create table room_categories (
       category_id bigint generated by default as identity,
        category_name varchar(255) not null,
        description varchar(255),
        primary key (category_id)
    )
2025-12-26T16:03:50.946Z DEBUG 26961 --- [           main] org.hibernate.SQL                        : 
    
    create table rooms (
       room_id bigint generated by default as identity,
        available boolean not null,
        dynamic_price_multiplier numeric(38,2),
        last_price_update timestamp(6),
        price_per_night numeric(38,2) not null,
        room_number varchar(255) not null,
        seasonal_rate numeric(38,2),
        category_id bigint not null,
        primary key (room_id)
    )
Hibernate: 
    
    create table rooms (
       room_id bigint generated by default as identity,
        available boolean not null,
        dynamic_price_multiplier numeric(38,2),
        last_price_update timestamp(6),
        price_per_night numeric(38,2) not null,
        room_number varchar(255) not null,
        seasonal_rate numeric(38,2),
        category_id bigint not null,
        primary key (room_id)
    )
2025-12-26T16:03:50.947Z DEBUG 26961 --- [           main] org.hibernate.SQL                        : 
    
    alter table if exists guests 
       add constraint UK_dadfu7mrhcouq9pffy50363r0 unique (email)
Hibernate: 
    
    alter table if exists guests 
       add constraint UK_dadfu7mrhcouq9pffy50363r0 unique (email)
2025-12-26T16:03:50.949Z DEBUG 26961 --- [           main] org.hibernate.SQL                        : 
    
    alter table if exists guests 
       add constraint UK_itckvrmuak9pu7ju7xf8j8ufy unique (phone)
Hibernate: 
    
    alter table if exists guests 
       add constraint UK_itckvrmuak9pu7ju7xf8j8ufy unique (phone)
2025-12-26T16:03:50.949Z DEBUG 26961 --- [           main] org.hibernate.SQL                        : 
    
    alter table if exists room_categories 
       add constraint UK_cah2uqwl69xtm51bmqblp6o9l unique (category_name)
Hibernate: 
    
    alter table if exists room_categories 
       add constraint UK_cah2uqwl69xtm51bmqblp6o9l unique (category_name)
2025-12-26T16:03:50.950Z DEBUG 26961 --- [           main] org.hibernate.SQL                        : 
    
    alter table if exists rooms 
       add constraint UK_7ljglxlj90ln3lbas4kl983m2 unique (room_number)
Hibernate: 
    
    alter table if exists rooms 
       add constraint UK_7ljglxlj90ln3lbas4kl983m2 unique (room_number)
2025-12-26T16:03:50.950Z DEBUG 26961 --- [           main] org.hibernate.SQL                        : 
    
    alter table if exists bookings 
       add constraint FKpvlyfwhomknrbmo2d20src5vi 
       foreign key (guest_id) 
       references guests
Hibernate: 
    
    alter table if exists bookings 
       add constraint FKpvlyfwhomknrbmo2d20src5vi 
       foreign key (guest_id) 
       references guests
2025-12-26T16:03:50.959Z DEBUG 26961 --- [           main] org.hibernate.SQL                        : 
    
    alter table if exists bookings 
       add constraint FKrgoycol97o21kpjodw1qox4nc 
       foreign key (room_id) 
       references rooms
Hibernate: 
    
    alter table if exists bookings 
       add constraint FKrgoycol97o21kpjodw1qox4nc 
       foreign key (room_id) 
       references rooms
2025-12-26T16:03:50.960Z DEBUG 26961 --- [           main] org.hibernate.SQL                        : 
    
    alter table if exists payments 
       add constraint FKc52o2b1jkxttngufqp3t7jr3h 
       foreign key (booking_id) 
       references bookings
Hibernate: 
    
    alter table if exists payments 
       add constraint FKc52o2b1jkxttngufqp3t7jr3h 
       foreign key (booking_id) 
       references bookings
2025-12-26T16:03:50.961Z DEBUG 26961 --- [           main] org.hibernate.SQL                        : 
    
    alter table if exists rooms 
       add constraint FKs3ya1bmk1lymqudi59qf826vl 
       foreign key (category_id) 
       references room_categories
Hibernate: 
    
    alter table if exists rooms 
       add constraint FKs3ya1bmk1lymqudi59qf826vl 
       foreign key (category_id) 
       references room_categories
2025-12-26T16:03:50.964Z  INFO 26961 --- [           main] o.h.e.t.j.p.i.JtaPlatformInitiator       : HHH000490: Using JtaPlatform implementation: [org.hibernate.engine.transaction.jta.platform.internal.NoJtaPlatform]
2025-12-26T16:03:50.970Z  INFO 26961 --- [           main] j.LocalContainerEntityManagerFactoryBean : Initialized JPA EntityManagerFactory for persistence unit 'default'
2025-12-26T16:03:52.419Z  WARN 26961 --- [           main] JpaBaseConfiguration$JpaWebConfiguration : spring.jpa.open-in-view is enabled by default. Therefore, database queries may be performed during view rendering. Explicitly configure spring.jpa.open-in-view to disable this warning
2025-12-26T16:03:52.977Z  INFO 26961 --- [           main] o.s.b.a.h2.H2ConsoleAutoConfiguration    : H2 console available at '/h2-console'. Database available at 'jdbc:h2:mem:testdb'
2025-12-26T16:03:53.174Z  INFO 26961 --- [           main] o.s.b.t.m.w.SpringBootMockServletContext : Initializing Spring TestDispatcherServlet ''
2025-12-26T16:03:53.174Z  INFO 26961 --- [           main] o.s.t.web.servlet.TestDispatcherServlet  : Initializing Servlet ''
2025-12-26T16:03:53.176Z  INFO 26961 --- [           main] o.s.t.web.servlet.TestDispatcherServlet  : Completed initialization in 1 ms
2025-12-26T16:03:53.194Z  INFO 26961 --- [           main] c.e.springapp.SpringappApplicationTests  : Started SpringappApplicationTests in 4.49 seconds (process running for 5.314)
]]></system-out>
  </testcase>
  <testcase name="Day3_test_Model_Directory_Exists" classname="com.examly.springapp.SpringappApplicationTests" time="0.003"/>
  <testcase name="Day3_test_Service_Directory_Exists" classname="com.examly.springapp.SpringappApplicationTests" time="0.002"/>
  <testcase name="Day3_test_Repository_Directory_Exists" classname="com.examly.springapp.SpringappApplicationTests" time="0.001"/>
  <testcase name="Day4_test_RoomCategoryModel_File_Exists" classname="com.examly.springapp.SpringappApplicationTests" time="0.001"/>
  <testcase name="Day4_test_RoomModel_File_Exists" classname="com.examly.springapp.SpringappApplicationTests" time="0.002"/>
  <testcase name="Day4_test_BookingModel_File_Exists" classname="com.examly.springapp.SpringappApplicationTests" time="0.002"/>
  <testcase name="Day4_test_GuestModel_File_Exists" classname="com.examly.springapp.SpringappApplicationTests" time="0.002"/>
  <testcase name="Day4_test_PaymentModel_File_Exists" classname="com.examly.springapp.SpringappApplicationTests" time="0.001"/>
  <testcase name="Day4_test_Room_Has_Entity_Annotation" classname="com.examly.springapp.SpringappApplicationTests" time="0.002"/>
  <testcase name="Day4_test_Room_Has_Id_Annotation_On_Field" classname="com.examly.springapp.SpringappApplicationTests" time="0.002"/>
  <testcase name="Day5_testRoomCategoryRepo_File_Exists" classname="com.examly.springapp.SpringappApplicationTests" time="0.002"/>
  <testcase name="Day5_testRoomRepo_File_Exists" classname="com.examly.springapp.SpringappApplicationTests" time="0.002"/>
  <testcase name="Day5_testGuestRepo_File_Exists" classname="com.examly.springapp.SpringappApplicationTests" time="0.002"/>
  <testcase name="Day5_testBookingRepo_File_Exists" classname="com.examly.springapp.SpringappApplicationTests" time="0.002"/>
  <testcase name="Day5_testPaymentRepo_File_Exists" classname="com.examly.springapp.SpringappApplicationTests" time="0.001"/>
  <testcase name="Day5_test_RoomRepo_Has_Repository_Annotation" classname="com.examly.springapp.SpringappApplicationTests" time="0.001"/>
  <testcase name="Day5_test_RoomCategoryRepo_Has_Repository_Annotation" classname="com.examly.springapp.SpringappApplicationTests" time="0.002"/>
  <testcase name="Day5_test_GuestRepo_Has_Repository_Annotation" classname="com.examly.springapp.SpringappApplicationTests" time="0.002"/>
  <testcase name="Day5_test_BookingRepo_Has_Repository_Annotation" classname="com.examly.springapp.SpringappApplicationTests" time="0.002"/>
  <testcase name="Day5_test_PaymentRepo_Has_Repository_Annotation" classname="com.examly.springapp.SpringappApplicationTests" time="0.001"/>
  <testcase name="Day6_test_RoomCategoryController_File_Exists" classname="com.examly.springapp.SpringappApplicationTests" time="0.001"/>
  <testcase name="Day6_test_RoomController_File_Exists" classname="com.examly.springapp.SpringappApplicationTests" time="0.001"/>
  <testcase name="Day6_test_GuestController_File_Exists" classname="com.examly.springapp.SpringappApplicationTests" time="0.001"/>
  <testcase name="Day6_test_BookingController_File_Exists" classname="com.examly.springapp.SpringappApplicationTests" time="0.001"/>
  <testcase name="Day6_test_PaymentController_File_Exists" classname="com.examly.springapp.SpringappApplicationTests" time="0.002"/>
  <testcase name="Day6_test_RoomCategoryController_Has_RestController_Annotation" classname="com.examly.springapp.SpringappApplicationTests" time="0.002"/>
  <testcase name="Day6_test_RoomController_Has_RestController_Annotation" classname="com.examly.springapp.SpringappApplicationTests" time="0.002"/>
  <testcase name="Day6_test_RoomCategoryController_Has_PostMapping" classname="com.examly.springapp.SpringappApplicationTests" time="0.001"/>
  <testcase name="Day6_test_RoomCategoryController_Has_GetMapping" classname="com.examly.springapp.SpringappApplicationTests" time="0.001"/>
  <testcase name="Day6_test_RoomCategoryController_Has_PutMapping" classname="com.examly.springapp.SpringappApplicationTests" time="0.001"/>
  <testcase name="Day6_test_RoomCategoryController_Has_DeleteMapping" classname="com.examly.springapp.SpringappApplicationTests" time="0.001"/>
  <testcase name="Day6_testCreateCategory_NoBody_StatusBadRequest" classname="com.examly.springapp.SpringappApplicationTests" time="0.078">
    <system-out><![CDATA[2025-12-26T16:03:53.478Z  INFO 26961 --- [           main] com.examly.springapp.aop.LoggingAspect   : Entering controller method: createRoomCategory with arguments: [null]
2025-12-26T16:03:53.479Z  INFO 26961 --- [           main] com.examly.springapp.aop.LoggingAspect   : Exiting controller method: createRoomCategory with result: ResponseEntity
]]></system-out>
  </testcase>
  <testcase name="Day6_testGetAllCategories_StatusNoContent" classname="com.examly.springapp.SpringappApplicationTests" time="0.063">
    <system-out><![CDATA[2025-12-26T16:03:53.499Z  INFO 26961 --- [           main] com.examly.springapp.aop.LoggingAspect   : Entering controller method: getAllRoomCategories with arguments: []
2025-12-26T16:03:53.503Z DEBUG 26961 --- [           main] com.examly.springapp.aop.LoggingAspect   : Entering service method: getAllRoomCategories with arguments: []
2025-12-26T16:03:53.547Z DEBUG 26961 --- [           main] org.hibernate.SQL                        : 
    select
        r1_0.category_id,
        r1_0.category_name,
        r1_0.description 
    from
        room_categories r1_0
Hibernate: 
    select
        r1_0.category_id,
        r1_0.category_name,
        r1_0.description 
    from
        room_categories r1_0
2025-12-26T16:03:53.557Z DEBUG 26961 --- [           main] com.examly.springapp.aop.LoggingAspect   : Exiting service method: getAllRoomCategories with result: ArrayList
2025-12-26T16:03:53.558Z  INFO 26961 --- [           main] com.examly.springapp.aop.LoggingAspect   : Exiting controller method: getAllRoomCategories with result: ResponseEntity
]]></system-out>
  </testcase>
  <testcase name="Day6_testGetCategoryById_StatusNotFound" classname="com.examly.springapp.SpringappApplicationTests" time="0.019">
    <system-out><![CDATA[2025-12-26T16:03:53.565Z  INFO 26961 --- [           main] com.examly.springapp.aop.LoggingAspect   : Entering controller method: getRoomCategoryById with arguments: [999]
2025-12-26T16:03:53.566Z DEBUG 26961 --- [           main] com.examly.springapp.aop.LoggingAspect   : Entering service method: getRoomCategoryById with arguments: [999]
2025-12-26T16:03:53.566Z DEBUG 26961 --- [           main] com.examly.springapp.aop.LoggingAspect   : Executing repository method: findById with arguments: [999]
2025-12-26T16:03:53.572Z DEBUG 26961 --- [           main] org.hibernate.SQL                        : 
    select
        r1_0.category_id,
        r1_0.category_name,
        r1_0.description 
    from
        room_categories r1_0 
    where
        r1_0.category_id=?
Hibernate: 
    select
        r1_0.category_id,
        r1_0.category_name,
        r1_0.description 
    from
        room_categories r1_0 
    where
        r1_0.category_id=?
2025-12-26T16:03:53.573Z DEBUG 26961 --- [           main] com.examly.springapp.aop.LoggingAspect   : Repository method: findById executed successfully in 7 ms
2025-12-26T16:03:53.573Z DEBUG 26961 --- [           main] com.examly.springapp.aop.LoggingAspect   : Exiting service method: getRoomCategoryById with result: Optional
2025-12-26T16:03:53.574Z  INFO 26961 --- [           main] com.examly.springapp.aop.LoggingAspect   : Exiting controller method: getRoomCategoryById with result: ResponseEntity
]]></system-out>
  </testcase>
  <testcase name="Day7_test_RoomCategoryController_Has_RequestMapping" classname="com.examly.springapp.SpringappApplicationTests" time="0.002"/>
  <testcase name="Day7_test_RoomCategoryController_Has_PathVariable" classname="com.examly.springapp.SpringappApplicationTests" time="0.002"/>
  <testcase name="Day7_test_RoomController_Has_RequestMapping" classname="com.examly.springapp.SpringappApplicationTests" time="0.002"/>
  <testcase name="Day7_test_BookingController_Has_RequestMapping" classname="com.examly.springapp.SpringappApplicationTests" time="0.003"/>
  <testcase name="Day7_test_RoomController_Has_PathVariable" classname="com.examly.springapp.SpringappApplicationTests" time="0.002"/>
  <testcase name="Day7_test_BookingController_Has_PathVariable" classname="com.examly.springapp.SpringappApplicationTests" time="0.002"/>
  <testcase name="Day7_test_PaymentController_Has_RequestMapping" classname="com.examly.springapp.SpringappApplicationTests" time="0.001"/>
  <testcase name="Day8_test_RoomCategoryService_File_Exists" classname="com.examly.springapp.SpringappApplicationTests" time="0.001"/>
  <testcase name="Day8_test_RoomService_File_Exists" classname="com.examly.springapp.SpringappApplicationTests" time="0.001"/>
  <testcase name="Day8_test_GuestService_File_Exists" classname="com.examly.springapp.SpringappApplicationTests" time="0.002"/>
  <testcase name="Day8_test_BookingService_File_Exists" classname="com.examly.springapp.SpringappApplicationTests" time="0.001"/>
  <testcase name="Day8_test_PaymentService_File_Exists" classname="com.examly.springapp.SpringappApplicationTests" time="0.001"/>
  <testcase name="Day8_test_RoomCategoryServiceImpl_File_Exists" classname="com.examly.springapp.SpringappApplicationTests" time="0.001"/>
  <testcase name="Day8_test_RoomServiceImpl_File_Exists" classname="com.examly.springapp.SpringappApplicationTests" time="0.002"/>
  <testcase name="Day8_test_GuestServiceImpl_File_Exists" classname="com.examly.springapp.SpringappApplicationTests" time="0.001"/>
  <testcase name="Day8_test_BookingServiceImpl_File_Exists" classname="com.examly.springapp.SpringappApplicationTests" time="0.001"/>
  <testcase name="Day8_test_PaymentServiceImpl_File_Exists" classname="com.examly.springapp.SpringappApplicationTests" time="0.002"/>
  <testcase name="Day8_testAddRoomCategory" classname="com.examly.springapp.SpringappApplicationTests" time="0.074">
    <system-out><![CDATA[2025-12-26T16:03:53.625Z  INFO 26961 --- [           main] com.examly.springapp.aop.LoggingAspect   : Entering controller method: createRoomCategory with arguments: [com.examly.springapp.model.RoomCategory@7ec9780b]
2025-12-26T16:03:53.625Z  INFO 26961 --- [           main] com.examly.springapp.aop.LoggingAspect   : Creating new entity via method: createRoomCategory
2025-12-26T16:03:53.626Z DEBUG 26961 --- [           main] com.examly.springapp.aop.LoggingAspect   : Entering service method: createRoomCategory with arguments: [com.examly.springapp.model.RoomCategory@7ec9780b]
2025-12-26T16:03:53.626Z DEBUG 26961 --- [           main] com.examly.springapp.aop.LoggingAspect   : Executing repository method: existsByCategoryName with arguments: [Deluxe]
2025-12-26T16:03:53.638Z DEBUG 26961 --- [           main] org.hibernate.SQL                        : 
    select
        r1_0.category_id 
    from
        room_categories r1_0 
    where
        r1_0.category_name=? fetch first ? rows only
Hibernate: 
    select
        r1_0.category_id 
    from
        room_categories r1_0 
    where
        r1_0.category_name=? fetch first ? rows only
2025-12-26T16:03:53.640Z DEBUG 26961 --- [           main] com.examly.springapp.aop.LoggingAspect   : Repository method: existsByCategoryName executed successfully in 14 ms
2025-12-26T16:03:53.640Z DEBUG 26961 --- [           main] com.examly.springapp.aop.LoggingAspect   : Executing repository method: save with arguments: [com.examly.springapp.model.RoomCategory@7ec9780b]
2025-12-26T16:03:53.654Z DEBUG 26961 --- [           main] org.hibernate.SQL                        : 
    insert 
    into
        room_categories
        (category_id, category_name, description) 
    values
        (default, ?, ?)
Hibernate: 
    insert 
    into
        room_categories
        (category_id, category_name, description) 
    values
        (default, ?, ?)
2025-12-26T16:03:53.659Z DEBUG 26961 --- [           main] com.examly.springapp.aop.LoggingAspect   : Repository method: save executed successfully in 19 ms
2025-12-26T16:03:53.659Z DEBUG 26961 --- [           main] com.examly.springapp.aop.LoggingAspect   : Exiting service method: createRoomCategory with result: RoomCategory
2025-12-26T16:03:53.659Z  INFO 26961 --- [           main] com.examly.springapp.aop.LoggingAspect   : Successfully created entity via method: createRoomCategory
2025-12-26T16:03:53.664Z  INFO 26961 --- [           main] com.examly.springapp.aop.LoggingAspect   : Exiting controller method: createRoomCategory with result: ResponseEntity
]]></system-out>
  </testcase>
  <testcase name="Day8_testGetAllRoomCategories" classname="com.examly.springapp.SpringappApplicationTests" time="0.018">
    <system-out><![CDATA[2025-12-26T16:03:53.692Z  INFO 26961 --- [           main] com.examly.springapp.aop.LoggingAspect   : Entering controller method: getAllRoomCategories with arguments: []
2025-12-26T16:03:53.692Z DEBUG 26961 --- [           main] com.examly.springapp.aop.LoggingAspect   : Entering service method: getAllRoomCategories with arguments: []
2025-12-26T16:03:53.694Z DEBUG 26961 --- [           main] org.hibernate.SQL                        : 
    select
        r1_0.category_id,
        r1_0.category_name,
        r1_0.description 
    from
        room_categories r1_0
Hibernate: 
    select
        r1_0.category_id,
        r1_0.category_name,
        r1_0.description 
    from
        room_categories r1_0
2025-12-26T16:03:53.703Z DEBUG 26961 --- [           main] com.examly.springapp.aop.LoggingAspect   : Exiting service method: getAllRoomCategories with result: ArrayList
2025-12-26T16:03:53.703Z  INFO 26961 --- [           main] com.examly.springapp.aop.LoggingAspect   : Exiting controller method: getAllRoomCategories with result: ResponseEntity
]]></system-out>
  </testcase>
  <testcase name="Day8_testGetRoomCategoryById" classname="com.examly.springapp.SpringappApplicationTests" time="0.007">
    <system-out><![CDATA[2025-12-26T16:03:53.710Z  INFO 26961 --- [           main] com.examly.springapp.aop.LoggingAspect   : Entering controller method: getRoomCategoryById with arguments: [1]
2025-12-26T16:03:53.711Z DEBUG 26961 --- [           main] com.examly.springapp.aop.LoggingAspect   : Entering service method: getRoomCategoryById with arguments: [1]
2025-12-26T16:03:53.711Z DEBUG 26961 --- [           main] com.examly.springapp.aop.LoggingAspect   : Executing repository method: findById with arguments: [1]
2025-12-26T16:03:53.711Z DEBUG 26961 --- [           main] org.hibernate.SQL                        : 
    select
        r1_0.category_id,
        r1_0.category_name,
        r1_0.description 
    from
        room_categories r1_0 
    where
        r1_0.category_id=?
Hibernate: 
    select
        r1_0.category_id,
        r1_0.category_name,
        r1_0.description 
    from
        room_categories r1_0 
    where
        r1_0.category_id=?
2025-12-26T16:03:53.712Z DEBUG 26961 --- [           main] com.examly.springapp.aop.LoggingAspect   : Repository method: findById executed successfully in 1 ms
2025-12-26T16:03:53.712Z DEBUG 26961 --- [           main] com.examly.springapp.aop.LoggingAspect   : Exiting service method: getRoomCategoryById with result: Optional
2025-12-26T16:03:53.712Z  INFO 26961 --- [           main] com.examly.springapp.aop.LoggingAspect   : Exiting controller method: getRoomCategoryById with result: ResponseEntity
]]></system-out>
  </testcase>
  <testcase name="Day8_testUpdateRoomCategory" classname="com.examly.springapp.SpringappApplicationTests" time="0.019">
    <system-out><![CDATA[2025-12-26T16:03:53.718Z  INFO 26961 --- [           main] com.examly.springapp.aop.LoggingAspect   : Entering controller method: updateRoomCategory with arguments: [1, com.examly.springapp.model.RoomCategory@577d001f]
2025-12-26T16:03:53.718Z  INFO 26961 --- [           main] com.examly.springapp.aop.LoggingAspect   : Updating entity via method: updateRoomCategory
2025-12-26T16:03:53.719Z DEBUG 26961 --- [           main] com.examly.springapp.aop.LoggingAspect   : Entering service method: updateRoomCategory with arguments: [1, com.examly.springapp.model.RoomCategory@577d001f]
2025-12-26T16:03:53.719Z DEBUG 26961 --- [           main] com.examly.springapp.aop.LoggingAspect   : Executing repository method: findById with arguments: [1]
2025-12-26T16:03:53.719Z DEBUG 26961 --- [           main] org.hibernate.SQL                        : 
    select
        r1_0.category_id,
        r1_0.category_name,
        r1_0.description 
    from
        room_categories r1_0 
    where
        r1_0.category_id=?
Hibernate: 
    select
        r1_0.category_id,
        r1_0.category_name,
        r1_0.description 
    from
        room_categories r1_0 
    where
        r1_0.category_id=?
2025-12-26T16:03:53.720Z DEBUG 26961 --- [           main] com.examly.springapp.aop.LoggingAspect   : Repository method: findById executed successfully in 1 ms
2025-12-26T16:03:53.720Z DEBUG 26961 --- [           main] com.examly.springapp.aop.LoggingAspect   : Executing repository method: existsByCategoryName with arguments: [Premium]
2025-12-26T16:03:53.723Z DEBUG 26961 --- [           main] org.hibernate.SQL                        : 
    select
        r1_0.category_id 
    from
        room_categories r1_0 
    where
        r1_0.category_name=? fetch first ? rows only
Hibernate: 
    select
        r1_0.category_id 
    from
        room_categories r1_0 
    where
        r1_0.category_name=? fetch first ? rows only
2025-12-26T16:03:53.724Z DEBUG 26961 --- [           main] com.examly.springapp.aop.LoggingAspect   : Repository method: existsByCategoryName executed successfully in 4 ms
2025-12-26T16:03:53.724Z DEBUG 26961 --- [           main] com.examly.springapp.aop.LoggingAspect   : Executing repository method: save with arguments: [com.examly.springapp.model.RoomCategory@6d81522b]
2025-12-26T16:03:53.725Z DEBUG 26961 --- [           main] com.examly.springapp.aop.LoggingAspect   : Repository method: save executed successfully in 1 ms
2025-12-26T16:03:53.725Z DEBUG 26961 --- [           main] com.examly.springapp.aop.LoggingAspect   : Exiting service method: updateRoomCategory with result: RoomCategory
2025-12-26T16:03:53.725Z  INFO 26961 --- [           main] com.examly.springapp.aop.LoggingAspect   : Successfully updated entity via method: updateRoomCategory
2025-12-26T16:03:53.729Z DEBUG 26961 --- [           main] org.hibernate.SQL                        : 
    update
        room_categories 
    set
        category_name=?,
        description=? 
    where
        category_id=?
Hibernate: 
    update
        room_categories 
    set
        category_name=?,
        description=? 
    where
        category_id=?
2025-12-26T16:03:53.732Z  INFO 26961 --- [           main] com.examly.springapp.aop.LoggingAspect   : Exiting controller method: updateRoomCategory with result: ResponseEntity
]]></system-out>
  </testcase>
  <testcase name="Day9_testPagination_PageNumberApplied" classname="com.examly.springapp.SpringappApplicationTests" time="0.023">
    <system-out><![CDATA[2025-12-26T16:03:53.737Z  INFO 26961 --- [           main] com.examly.springapp.aop.LoggingAspect   : Entering controller method: getRoomCategoriesWithPagination with arguments: [0, 5]
2025-12-26T16:03:53.738Z DEBUG 26961 --- [           main] com.examly.springapp.aop.LoggingAspect   : Entering service method: getRoomCategoriesWithPagination with arguments: [Page request [number: 0, size 5, sort: categoryName: ASC]]
2025-12-26T16:03:53.739Z DEBUG 26961 --- [           main] com.examly.springapp.aop.LoggingAspect   : Executing repository method: findAll with arguments: [Page request [number: 0, size 5, sort: categoryName: ASC]]
2025-12-26T16:03:53.743Z DEBUG 26961 --- [           main] org.hibernate.SQL                        : 
    select
        r1_0.category_id,
        r1_0.category_name,
        r1_0.description 
    from
        room_categories r1_0 
    order by
        r1_0.category_name asc offset ? rows fetch first ? rows only
Hibernate: 
    select
        r1_0.category_id,
        r1_0.category_name,
        r1_0.description 
    from
        room_categories r1_0 
    order by
        r1_0.category_name asc offset ? rows fetch first ? rows only
2025-12-26T16:03:53.747Z DEBUG 26961 --- [           main] com.examly.springapp.aop.LoggingAspect   : Repository method: findAll executed successfully in 8 ms
2025-12-26T16:03:53.747Z DEBUG 26961 --- [           main] com.examly.springapp.aop.LoggingAspect   : Exiting service method: getRoomCategoriesWithPagination with result: PageImpl
2025-12-26T16:03:53.747Z  INFO 26961 --- [           main] com.examly.springapp.aop.LoggingAspect   : Exiting controller method: getRoomCategoriesWithPagination with result: ResponseEntity
]]></system-out>
  </testcase>
  <testcase name="Day9_testPagination_PageSizeApplied" classname="com.examly.springapp.SpringappApplicationTests" time="0.011">
    <system-out><![CDATA[2025-12-26T16:03:53.761Z  INFO 26961 --- [           main] com.examly.springapp.aop.LoggingAspect   : Entering controller method: getRoomCategoriesWithPagination with arguments: [1, 10]
2025-12-26T16:03:53.762Z DEBUG 26961 --- [           main] com.examly.springapp.aop.LoggingAspect   : Entering service method: getRoomCategoriesWithPagination with arguments: [Page request [number: 1, size 10, sort: categoryName: ASC]]
2025-12-26T16:03:53.762Z DEBUG 26961 --- [           main] com.examly.springapp.aop.LoggingAspect   : Executing repository method: findAll with arguments: [Page request [number: 1, size 10, sort: categoryName: ASC]]
2025-12-26T16:03:53.763Z DEBUG 26961 --- [           main] org.hibernate.SQL                        : 
    select
        r1_0.category_id,
        r1_0.category_name,
        r1_0.description 
    from
        room_categories r1_0 
    order by
        r1_0.category_name asc offset ? rows fetch first ? rows only
Hibernate: 
    select
        r1_0.category_id,
        r1_0.category_name,
        r1_0.description 
    from
        room_categories r1_0 
    order by
        r1_0.category_name asc offset ? rows fetch first ? rows only
2025-12-26T16:03:53.766Z DEBUG 26961 --- [           main] org.hibernate.SQL                        : 
    select
        count(r1_0.category_id) 
    from
        room_categories r1_0
Hibernate: 
    select
        count(r1_0.category_id) 
    from
        room_categories r1_0
2025-12-26T16:03:53.767Z DEBUG 26961 --- [           main] com.examly.springapp.aop.LoggingAspect   : Repository method: findAll executed successfully in 5 ms
2025-12-26T16:03:53.767Z DEBUG 26961 --- [           main] com.examly.springapp.aop.LoggingAspect   : Exiting service method: getRoomCategoriesWithPagination with result: PageImpl
2025-12-26T16:03:53.767Z  INFO 26961 --- [           main] com.examly.springapp.aop.LoggingAspect   : Exiting controller method: getRoomCategoriesWithPagination with result: ResponseEntity
]]></system-out>
  </testcase>
  <testcase name="Day9_testPagination_SortingPresent" classname="com.examly.springapp.SpringappApplicationTests" time="0.009">
    <system-out><![CDATA[2025-12-26T16:03:53.773Z  INFO 26961 --- [           main] com.examly.springapp.aop.LoggingAspect   : Entering controller method: getRoomCategoriesWithPagination with arguments: [0, 5]
2025-12-26T16:03:53.773Z DEBUG 26961 --- [           main] com.examly.springapp.aop.LoggingAspect   : Entering service method: getRoomCategoriesWithPagination with arguments: [Page request [number: 0, size 5, sort: categoryName: ASC]]
2025-12-26T16:03:53.773Z DEBUG 26961 --- [           main] com.examly.springapp.aop.LoggingAspect   : Executing repository method: findAll with arguments: [Page request [number: 0, size 5, sort: categoryName: ASC]]
2025-12-26T16:03:53.775Z DEBUG 26961 --- [           main] org.hibernate.SQL                        : 
    select
        r1_0.category_id,
        r1_0.category_name,
        r1_0.description 
    from
        room_categories r1_0 
    order by
        r1_0.category_name asc offset ? rows fetch first ? rows only
Hibernate: 
    select
        r1_0.category_id,
        r1_0.category_name,
        r1_0.description 
    from
        room_categories r1_0 
    order by
        r1_0.category_name asc offset ? rows fetch first ? rows only
2025-12-26T16:03:53.776Z DEBUG 26961 --- [           main] com.examly.springapp.aop.LoggingAspect   : Repository method: findAll executed successfully in 3 ms
2025-12-26T16:03:53.776Z DEBUG 26961 --- [           main] com.examly.springapp.aop.LoggingAspect   : Exiting service method: getRoomCategoriesWithPagination with result: PageImpl
2025-12-26T16:03:53.776Z  INFO 26961 --- [           main] com.examly.springapp.aop.LoggingAspect   : Exiting controller method: getRoomCategoriesWithPagination with result: ResponseEntity
]]></system-out>
  </testcase>
  <testcase name="Day9_testPagination_ContentArrayExists" classname="com.examly.springapp.SpringappApplicationTests" time="0.034">
    <system-out><![CDATA[2025-12-26T16:03:53.783Z  INFO 26961 --- [           main] com.examly.springapp.aop.LoggingAspect   : Entering controller method: getRoomCategoriesWithPagination with arguments: [0, 5]
2025-12-26T16:03:53.783Z DEBUG 26961 --- [           main] com.examly.springapp.aop.LoggingAspect   : Entering service method: getRoomCategoriesWithPagination with arguments: [Page request [number: 0, size 5, sort: categoryName: ASC]]
2025-12-26T16:03:53.783Z DEBUG 26961 --- [           main] com.examly.springapp.aop.LoggingAspect   : Executing repository method: findAll with arguments: [Page request [number: 0, size 5, sort: categoryName: ASC]]
2025-12-26T16:03:53.784Z DEBUG 26961 --- [           main] org.hibernate.SQL                        : 
    select
        r1_0.category_id,
        r1_0.category_name,
        r1_0.description 
    from
        room_categories r1_0 
    order by
        r1_0.category_name asc offset ? rows fetch first ? rows only
Hibernate: 
    select
        r1_0.category_id,
        r1_0.category_name,
        r1_0.description 
    from
        room_categories r1_0 
    order by
        r1_0.category_name asc offset ? rows fetch first ? rows only
2025-12-26T16:03:53.785Z DEBUG 26961 --- [           main] com.examly.springapp.aop.LoggingAspect   : Repository method: findAll executed successfully in 2 ms
2025-12-26T16:03:53.785Z DEBUG 26961 --- [           main] com.examly.springapp.aop.LoggingAspect   : Exiting service method: getRoomCategoriesWithPagination with result: PageImpl
2025-12-26T16:03:53.785Z  INFO 26961 --- [           main] com.examly.springapp.aop.LoggingAspect   : Exiting controller method: getRoomCategoriesWithPagination with result: ResponseEntity
]]></system-out>
  </testcase>
  <testcase name="Day9_testPagination_TotalElementsExists" classname="com.examly.springapp.SpringappApplicationTests" time="0.008">
    <system-out><![CDATA[2025-12-26T16:03:53.817Z  INFO 26961 --- [           main] com.examly.springapp.aop.LoggingAspect   : Entering controller method: getRoomCategoriesWithPagination with arguments: [0, 5]
2025-12-26T16:03:53.818Z DEBUG 26961 --- [           main] com.examly.springapp.aop.LoggingAspect   : Entering service method: getRoomCategoriesWithPagination with arguments: [Page request [number: 0, size 5, sort: categoryName: ASC]]
2025-12-26T16:03:53.818Z DEBUG 26961 --- [           main] com.examly.springapp.aop.LoggingAspect   : Executing repository method: findAll with arguments: [Page request [number: 0, size 5, sort: categoryName: ASC]]
2025-12-26T16:03:53.819Z DEBUG 26961 --- [           main] org.hibernate.SQL                        : 
    select
        r1_0.category_id,
        r1_0.category_name,
        r1_0.description 
    from
        room_categories r1_0 
    order by
        r1_0.category_name asc offset ? rows fetch first ? rows only
Hibernate: 
    select
        r1_0.category_id,
        r1_0.category_name,
        r1_0.description 
    from
        room_categories r1_0 
    order by
        r1_0.category_name asc offset ? rows fetch first ? rows only
2025-12-26T16:03:53.820Z DEBUG 26961 --- [           main] com.examly.springapp.aop.LoggingAspect   : Repository method: findAll executed successfully in 2 ms
2025-12-26T16:03:53.820Z DEBUG 26961 --- [           main] com.examly.springapp.aop.LoggingAspect   : Exiting service method: getRoomCategoriesWithPagination with result: PageImpl
2025-12-26T16:03:53.820Z  INFO 26961 --- [           main] com.examly.springapp.aop.LoggingAspect   : Exiting controller method: getRoomCategoriesWithPagination with result: ResponseEntity
]]></system-out>
  </testcase>
  <testcase name="Day9_testPagination_TotalPagesExists" classname="com.examly.springapp.SpringappApplicationTests" time="0.007">
    <system-out><![CDATA[2025-12-26T16:03:53.825Z  INFO 26961 --- [           main] com.examly.springapp.aop.LoggingAspect   : Entering controller method: getRoomCategoriesWithPagination with arguments: [0, 5]
2025-12-26T16:03:53.826Z DEBUG 26961 --- [           main] com.examly.springapp.aop.LoggingAspect   : Entering service method: getRoomCategoriesWithPagination with arguments: [Page request [number: 0, size 5, sort: categoryName: ASC]]
2025-12-26T16:03:53.826Z DEBUG 26961 --- [           main] com.examly.springapp.aop.LoggingAspect   : Executing repository method: findAll with arguments: [Page request [number: 0, size 5, sort: categoryName: ASC]]
2025-12-26T16:03:53.827Z DEBUG 26961 --- [           main] org.hibernate.SQL                        : 
    select
        r1_0.category_id,
        r1_0.category_name,
        r1_0.description 
    from
        room_categories r1_0 
    order by
        r1_0.category_name asc offset ? rows fetch first ? rows only
Hibernate: 
    select
        r1_0.category_id,
        r1_0.category_name,
        r1_0.description 
    from
        room_categories r1_0 
    order by
        r1_0.category_name asc offset ? rows fetch first ? rows only
2025-12-26T16:03:53.828Z DEBUG 26961 --- [           main] com.examly.springapp.aop.LoggingAspect   : Repository method: findAll executed successfully in 2 ms
2025-12-26T16:03:53.828Z DEBUG 26961 --- [           main] com.examly.springapp.aop.LoggingAspect   : Exiting service method: getRoomCategoriesWithPagination with result: PageImpl
2025-12-26T16:03:53.829Z  INFO 26961 --- [           main] com.examly.springapp.aop.LoggingAspect   : Exiting controller method: getRoomCategoriesWithPagination with result: ResponseEntity
]]></system-out>
  </testcase>
  <testcase name="Day10_testAddRoom" classname="com.examly.springapp.SpringappApplicationTests" time="0.02">
    <system-out><![CDATA[2025-12-26T16:03:53.837Z  INFO 26961 --- [           main] com.examly.springapp.aop.LoggingAspect   : Entering controller method: createRoom with arguments: [com.examly.springapp.model.Room@166fa7ab]
2025-12-26T16:03:53.838Z  INFO 26961 --- [           main] com.examly.springapp.aop.LoggingAspect   : Creating new entity via method: createRoom
2025-12-26T16:03:53.838Z DEBUG 26961 --- [           main] com.examly.springapp.aop.LoggingAspect   : Entering service method: createRoom with arguments: [com.examly.springapp.model.Room@166fa7ab]
2025-12-26T16:03:53.838Z DEBUG 26961 --- [           main] com.examly.springapp.aop.LoggingAspect   : Executing repository method: existsByRoomNumber with arguments: [101]
2025-12-26T16:03:53.839Z DEBUG 26961 --- [           main] org.hibernate.SQL                        : 
    select
        r1_0.room_id 
    from
        rooms r1_0 
    where
        r1_0.room_number=? fetch first ? rows only
Hibernate: 
    select
        r1_0.room_id 
    from
        rooms r1_0 
    where
        r1_0.room_number=? fetch first ? rows only
2025-12-26T16:03:53.840Z DEBUG 26961 --- [           main] com.examly.springapp.aop.LoggingAspect   : Repository method: existsByRoomNumber executed successfully in 2 ms
2025-12-26T16:03:53.840Z DEBUG 26961 --- [           main] com.examly.springapp.aop.LoggingAspect   : Executing repository method: save with arguments: [com.examly.springapp.model.Room@166fa7ab]
2025-12-26T16:03:53.841Z DEBUG 26961 --- [           main] org.hibernate.SQL                        : 
    insert 
    into
        rooms
        (room_id, available, dynamic_price_multiplier, last_price_update, price_per_night, category_id, room_number, seasonal_rate) 
    values
        (default, ?, ?, ?, ?, ?, ?, ?)
Hibernate: 
    insert 
    into
        rooms
        (room_id, available, dynamic_price_multiplier, last_price_update, price_per_night, category_id, room_number, seasonal_rate) 
    values
        (default, ?, ?, ?, ?, ?, ?, ?)
2025-12-26T16:03:53.843Z DEBUG 26961 --- [           main] com.examly.springapp.aop.LoggingAspect   : Repository method: save executed successfully in 3 ms
2025-12-26T16:03:53.843Z DEBUG 26961 --- [           main] com.examly.springapp.aop.LoggingAspect   : Exiting service method: createRoom with result: Room
2025-12-26T16:03:53.843Z  INFO 26961 --- [           main] com.examly.springapp.aop.LoggingAspect   : Successfully created entity via method: createRoom
2025-12-26T16:03:53.844Z  INFO 26961 --- [           main] com.examly.springapp.aop.LoggingAspect   : Exiting controller method: createRoom with result: ResponseEntity
]]></system-out>
  </testcase>
  <testcase name="Day10_testGetAllRooms" classname="com.examly.springapp.SpringappApplicationTests" time="0.013">
    <system-out><![CDATA[2025-12-26T16:03:53.854Z  INFO 26961 --- [           main] com.examly.springapp.aop.LoggingAspect   : Entering controller method: getAllRooms with arguments: []
2025-12-26T16:03:53.854Z DEBUG 26961 --- [           main] com.examly.springapp.aop.LoggingAspect   : Entering service method: getAllRooms with arguments: []
2025-12-26T16:03:53.858Z DEBUG 26961 --- [           main] org.hibernate.SQL                        : 
    select
        r1_0.room_id,
        r1_0.available,
        r1_0.dynamic_price_multiplier,
        r1_0.last_price_update,
        r1_0.price_per_night,
        r1_0.category_id,
        r1_0.room_number,
        r1_0.seasonal_rate 
    from
        rooms r1_0
Hibernate: 
    select
        r1_0.room_id,
        r1_0.available,
        r1_0.dynamic_price_multiplier,
        r1_0.last_price_update,
        r1_0.price_per_night,
        r1_0.category_id,
        r1_0.room_number,
        r1_0.seasonal_rate 
    from
        rooms r1_0
2025-12-26T16:03:53.859Z DEBUG 26961 --- [           main] org.hibernate.SQL                        : 
    select
        r1_0.category_id,
        r1_0.category_name,
        r1_0.description 
    from
        room_categories r1_0 
    where
        r1_0.category_id=?
Hibernate: 
    select
        r1_0.category_id,
        r1_0.category_name,
        r1_0.description 
    from
        room_categories r1_0 
    where
        r1_0.category_id=?
2025-12-26T16:03:53.860Z DEBUG 26961 --- [           main] com.examly.springapp.aop.LoggingAspect   : Exiting service method: getAllRooms with result: ArrayList
2025-12-26T16:03:53.860Z  INFO 26961 --- [           main] com.examly.springapp.aop.LoggingAspect   : Exiting controller method: getAllRooms with result: ResponseEntity
]]></system-out>
  </testcase>
  <testcase name="Day10_testGetRoomById" classname="com.examly.springapp.SpringappApplicationTests" time="0.01">
    <system-out><![CDATA[2025-12-26T16:03:53.868Z  INFO 26961 --- [           main] com.examly.springapp.aop.LoggingAspect   : Entering controller method: getRoomById with arguments: [1]
2025-12-26T16:03:53.868Z DEBUG 26961 --- [           main] com.examly.springapp.aop.LoggingAspect   : Entering service method: getRoomById with arguments: [1]
2025-12-26T16:03:53.869Z DEBUG 26961 --- [           main] com.examly.springapp.aop.LoggingAspect   : Executing repository method: findById with arguments: [1]
2025-12-26T16:03:53.870Z DEBUG 26961 --- [           main] org.hibernate.SQL                        : 
    select
        r1_0.room_id,
        r1_0.available,
        r1_0.dynamic_price_multiplier,
        r1_0.last_price_update,
        r1_0.price_per_night,
        r2_0.category_id,
        r2_0.category_name,
        r2_0.description,
        r1_0.room_number,
        r1_0.seasonal_rate 
    from
        rooms r1_0 
    join
        room_categories r2_0 
            on r2_0.category_id=r1_0.category_id 
    where
        r1_0.room_id=?
Hibernate: 
    select
        r1_0.room_id,
        r1_0.available,
        r1_0.dynamic_price_multiplier,
        r1_0.last_price_update,
        r1_0.price_per_night,
        r2_0.category_id,
        r2_0.category_name,
        r2_0.description,
        r1_0.room_number,
        r1_0.seasonal_rate 
    from
        rooms r1_0 
    join
        room_categories r2_0 
            on r2_0.category_id=r1_0.category_id 
    where
        r1_0.room_id=?
2025-12-26T16:03:53.872Z DEBUG 26961 --- [           main] com.examly.springapp.aop.LoggingAspect   : Repository method: findById executed successfully in 3 ms
2025-12-26T16:03:53.872Z DEBUG 26961 --- [           main] com.examly.springapp.aop.LoggingAspect   : Exiting service method: getRoomById with result: Optional
2025-12-26T16:03:53.873Z  INFO 26961 --- [           main] com.examly.springapp.aop.LoggingAspect   : Exiting controller method: getRoomById with result: ResponseEntity
]]></system-out>
  </testcase>
  <testcase name="Day10_testUpdateRoom" classname="com.examly.springapp.SpringappApplicationTests" time="0.012">
    <system-out><![CDATA[2025-12-26T16:03:53.878Z  INFO 26961 --- [           main] com.examly.springapp.aop.LoggingAspect   : Entering controller method: updateRoom with arguments: [1, com.examly.springapp.model.Room@1dd678e6]
2025-12-26T16:03:53.879Z  INFO 26961 --- [           main] com.examly.springapp.aop.LoggingAspect   : Updating entity via method: updateRoom
2025-12-26T16:03:53.879Z DEBUG 26961 --- [           main] com.examly.springapp.aop.LoggingAspect   : Entering service method: updateRoom with arguments: [1, com.examly.springapp.model.Room@1dd678e6]
2025-12-26T16:03:53.879Z DEBUG 26961 --- [           main] com.examly.springapp.aop.LoggingAspect   : Executing repository method: findById with arguments: [1]
2025-12-26T16:03:53.880Z DEBUG 26961 --- [           main] org.hibernate.SQL                        : 
    select
        r1_0.room_id,
        r1_0.available,
        r1_0.dynamic_price_multiplier,
        r1_0.last_price_update,
        r1_0.price_per_night,
        r2_0.category_id,
        r2_0.category_name,
        r2_0.description,
        r1_0.room_number,
        r1_0.seasonal_rate 
    from
        rooms r1_0 
    join
        room_categories r2_0 
            on r2_0.category_id=r1_0.category_id 
    where
        r1_0.room_id=?
Hibernate: 
    select
        r1_0.room_id,
        r1_0.available,
        r1_0.dynamic_price_multiplier,
        r1_0.last_price_update,
        r1_0.price_per_night,
        r2_0.category_id,
        r2_0.category_name,
        r2_0.description,
        r1_0.room_number,
        r1_0.seasonal_rate 
    from
        rooms r1_0 
    join
        room_categories r2_0 
            on r2_0.category_id=r1_0.category_id 
    where
        r1_0.room_id=?
2025-12-26T16:03:53.881Z DEBUG 26961 --- [           main] com.examly.springapp.aop.LoggingAspect   : Repository method: findById executed successfully in 2 ms
2025-12-26T16:03:53.881Z DEBUG 26961 --- [           main] com.examly.springapp.aop.LoggingAspect   : Executing repository method: existsByRoomNumber with arguments: [102]
2025-12-26T16:03:53.883Z DEBUG 26961 --- [           main] org.hibernate.SQL                        : 
    select
        r1_0.room_id 
    from
        rooms r1_0 
    where
        r1_0.room_number=? fetch first ? rows only
Hibernate: 
    select
        r1_0.room_id 
    from
        rooms r1_0 
    where
        r1_0.room_number=? fetch first ? rows only
2025-12-26T16:03:53.883Z DEBUG 26961 --- [           main] com.examly.springapp.aop.LoggingAspect   : Repository method: existsByRoomNumber executed successfully in 2 ms
2025-12-26T16:03:53.883Z DEBUG 26961 --- [           main] com.examly.springapp.aop.LoggingAspect   : Executing repository method: save with arguments: [com.examly.springapp.model.Room@6a24b9e2]
2025-12-26T16:03:53.884Z DEBUG 26961 --- [           main] com.examly.springapp.aop.LoggingAspect   : Repository method: save executed successfully in 1 ms
2025-12-26T16:03:53.884Z DEBUG 26961 --- [           main] com.examly.springapp.aop.LoggingAspect   : Exiting service method: updateRoom with result: Room
2025-12-26T16:03:53.884Z  INFO 26961 --- [           main] com.examly.springapp.aop.LoggingAspect   : Successfully updated entity via method: updateRoom
2025-12-26T16:03:53.884Z DEBUG 26961 --- [           main] org.hibernate.SQL                        : 
    update
        rooms 
    set
        available=?,
        dynamic_price_multiplier=?,
        last_price_update=?,
        price_per_night=?,
        category_id=?,
        room_number=?,
        seasonal_rate=? 
    where
        room_id=?
Hibernate: 
    update
        rooms 
    set
        available=?,
        dynamic_price_multiplier=?,
        last_price_update=?,
        price_per_night=?,
        category_id=?,
        room_number=?,
        seasonal_rate=? 
    where
        room_id=?
2025-12-26T16:03:53.885Z  INFO 26961 --- [           main] com.examly.springapp.aop.LoggingAspect   : Exiting controller method: updateRoom with result: ResponseEntity
]]></system-out>
  </testcase>
  <testcase name="Day10_testAddGuest" classname="com.examly.springapp.SpringappApplicationTests" time="0.041">
    <system-out><![CDATA[2025-12-26T16:03:53.917Z  INFO 26961 --- [           main] com.examly.springapp.aop.LoggingAspect   : Entering controller method: createGuest with arguments: [com.examly.springapp.model.Guest@4d47f547]
2025-12-26T16:03:53.918Z  INFO 26961 --- [           main] com.examly.springapp.aop.LoggingAspect   : Creating new entity via method: createGuest
2025-12-26T16:03:53.918Z DEBUG 26961 --- [           main] com.examly.springapp.aop.LoggingAspect   : Entering service method: createGuest with arguments: [com.examly.springapp.model.Guest@4d47f547]
2025-12-26T16:03:53.918Z DEBUG 26961 --- [           main] com.examly.springapp.aop.LoggingAspect   : Executing repository method: existsByEmail with arguments: [ravi@gmail.com]
2025-12-26T16:03:53.919Z DEBUG 26961 --- [           main] org.hibernate.SQL                        : 
    select
        g1_0.guest_id 
    from
        guests g1_0 
    where
        g1_0.email=? fetch first ? rows only
Hibernate: 
    select
        g1_0.guest_id 
    from
        guests g1_0 
    where
        g1_0.email=? fetch first ? rows only
2025-12-26T16:03:53.920Z DEBUG 26961 --- [           main] com.examly.springapp.aop.LoggingAspect   : Repository method: existsByEmail executed successfully in 2 ms
2025-12-26T16:03:53.920Z DEBUG 26961 --- [           main] com.examly.springapp.aop.LoggingAspect   : Executing repository method: existsByPhone with arguments: [9876543210]
2025-12-26T16:03:53.921Z DEBUG 26961 --- [           main] org.hibernate.SQL                        : 
    select
        g1_0.guest_id 
    from
        guests g1_0 
    where
        g1_0.phone=? fetch first ? rows only
Hibernate: 
    select
        g1_0.guest_id 
    from
        guests g1_0 
    where
        g1_0.phone=? fetch first ? rows only
2025-12-26T16:03:53.922Z DEBUG 26961 --- [           main] com.examly.springapp.aop.LoggingAspect   : Repository method: existsByPhone executed successfully in 2 ms
2025-12-26T16:03:53.923Z DEBUG 26961 --- [           main] com.examly.springapp.aop.LoggingAspect   : Executing repository method: save with arguments: [com.examly.springapp.model.Guest@4d47f547]
2025-12-26T16:03:53.923Z DEBUG 26961 --- [           main] org.hibernate.SQL                        : 
    insert 
    into
        guests
        (guest_id, address, email, name, phone, registration_date) 
    values
        (default, ?, ?, ?, ?, ?)
Hibernate: 
    insert 
    into
        guests
        (guest_id, address, email, name, phone, registration_date) 
    values
        (default, ?, ?, ?, ?, ?)
2025-12-26T16:03:53.924Z DEBUG 26961 --- [           main] com.examly.springapp.aop.LoggingAspect   : Repository method: save executed successfully in 1 ms
2025-12-26T16:03:53.924Z DEBUG 26961 --- [           main] com.examly.springapp.aop.LoggingAspect   : Exiting service method: createGuest with result: Guest
2025-12-26T16:03:53.924Z  INFO 26961 --- [           main] com.examly.springapp.aop.LoggingAspect   : Successfully created entity via method: createGuest
2025-12-26T16:03:53.925Z  INFO 26961 --- [           main] com.examly.springapp.aop.LoggingAspect   : Exiting controller method: createGuest with result: ResponseEntity
]]></system-out>
  </testcase>
  <testcase name="Day10_testGetAllGuests" classname="com.examly.springapp.SpringappApplicationTests" time="0.019">
    <system-out><![CDATA[2025-12-26T16:03:53.931Z  INFO 26961 --- [           main] com.examly.springapp.aop.LoggingAspect   : Entering controller method: getAllGuests with arguments: []
2025-12-26T16:03:53.932Z DEBUG 26961 --- [           main] com.examly.springapp.aop.LoggingAspect   : Entering service method: getAllGuests with arguments: []
2025-12-26T16:03:53.934Z DEBUG 26961 --- [           main] org.hibernate.SQL                        : 
    select
        g1_0.guest_id,
        g1_0.address,
        g1_0.email,
        g1_0.name,
        g1_0.phone,
        g1_0.registration_date 
    from
        guests g1_0
Hibernate: 
    select
        g1_0.guest_id,
        g1_0.address,
        g1_0.email,
        g1_0.name,
        g1_0.phone,
        g1_0.registration_date 
    from
        guests g1_0
2025-12-26T16:03:53.936Z DEBUG 26961 --- [           main] com.examly.springapp.aop.LoggingAspect   : Exiting service method: getAllGuests with result: ArrayList
2025-12-26T16:03:53.936Z  INFO 26961 --- [           main] com.examly.springapp.aop.LoggingAspect   : Exiting controller method: getAllGuests with result: ResponseEntity
2025-12-26T16:03:53.945Z DEBUG 26961 --- [           main] org.hibernate.SQL                        : 
    select
        b1_0.guest_id,
        b1_0.booking_id,
        b1_0.booking_date,
        b1_0.check_in_date,
        b1_0.check_out_date,
        b1_0.number_of_guests,
        r1_0.room_id,
        r1_0.available,
        r1_0.dynamic_price_multiplier,
        r1_0.last_price_update,
        r1_0.price_per_night,
        r2_0.category_id,
        r2_0.category_name,
        r2_0.description,
        r1_0.room_number,
        r1_0.seasonal_rate,
        b1_0.special_requests,
        b1_0.status,
        b1_0.total_amount 
    from
        bookings b1_0 
    left join
        rooms r1_0 
            on r1_0.room_id=b1_0.room_id 
    left join
        room_categories r2_0 
            on r2_0.category_id=r1_0.category_id 
    where
        b1_0.guest_id=?
Hibernate: 
    select
        b1_0.guest_id,
        b1_0.booking_id,
        b1_0.booking_date,
        b1_0.check_in_date,
        b1_0.check_out_date,
        b1_0.number_of_guests,
        r1_0.room_id,
        r1_0.available,
        r1_0.dynamic_price_multiplier,
        r1_0.last_price_update,
        r1_0.price_per_night,
        r2_0.category_id,
        r2_0.category_name,
        r2_0.description,
        r1_0.room_number,
        r1_0.seasonal_rate,
        b1_0.special_requests,
        b1_0.status,
        b1_0.total_amount 
    from
        bookings b1_0 
    left join
        rooms r1_0 
            on r1_0.room_id=b1_0.room_id 
    left join
        room_categories r2_0 
            on r2_0.category_id=r1_0.category_id 
    where
        b1_0.guest_id=?
]]></system-out>
  </testcase>
  <testcase name="Day10_testGetGuestById" classname="com.examly.springapp.SpringappApplicationTests" time="0.01">
    <system-out><![CDATA[2025-12-26T16:03:53.952Z  INFO 26961 --- [           main] com.examly.springapp.aop.LoggingAspect   : Entering controller method: getGuestById with arguments: [1]
2025-12-26T16:03:53.953Z DEBUG 26961 --- [           main] com.examly.springapp.aop.LoggingAspect   : Entering service method: getGuestById with arguments: [1]
2025-12-26T16:03:53.953Z DEBUG 26961 --- [           main] com.examly.springapp.aop.LoggingAspect   : Executing repository method: findById with arguments: [1]
2025-12-26T16:03:53.954Z DEBUG 26961 --- [           main] org.hibernate.SQL                        : 
    select
        g1_0.guest_id,
        g1_0.address,
        g1_0.email,
        g1_0.name,
        g1_0.phone,
        g1_0.registration_date 
    from
        guests g1_0 
    where
        g1_0.guest_id=?
Hibernate: 
    select
        g1_0.guest_id,
        g1_0.address,
        g1_0.email,
        g1_0.name,
        g1_0.phone,
        g1_0.registration_date 
    from
        guests g1_0 
    where
        g1_0.guest_id=?
2025-12-26T16:03:53.956Z DEBUG 26961 --- [           main] com.examly.springapp.aop.LoggingAspect   : Repository method: findById executed successfully in 3 ms
2025-12-26T16:03:53.956Z DEBUG 26961 --- [           main] com.examly.springapp.aop.LoggingAspect   : Exiting service method: getGuestById with result: Optional
2025-12-26T16:03:53.956Z  INFO 26961 --- [           main] com.examly.springapp.aop.LoggingAspect   : Exiting controller method: getGuestById with result: ResponseEntity
2025-12-26T16:03:53.957Z DEBUG 26961 --- [           main] org.hibernate.SQL                        : 
    select
        b1_0.guest_id,
        b1_0.booking_id,
        b1_0.booking_date,
        b1_0.check_in_date,
        b1_0.check_out_date,
        b1_0.number_of_guests,
        r1_0.room_id,
        r1_0.available,
        r1_0.dynamic_price_multiplier,
        r1_0.last_price_update,
        r1_0.price_per_night,
        r2_0.category_id,
        r2_0.category_name,
        r2_0.description,
        r1_0.room_number,
        r1_0.seasonal_rate,
        b1_0.special_requests,
        b1_0.status,
        b1_0.total_amount 
    from
        bookings b1_0 
    left join
        rooms r1_0 
            on r1_0.room_id=b1_0.room_id 
    left join
        room_categories r2_0 
            on r2_0.category_id=r1_0.category_id 
    where
        b1_0.guest_id=?
Hibernate: 
    select
        b1_0.guest_id,
        b1_0.booking_id,
        b1_0.booking_date,
        b1_0.check_in_date,
        b1_0.check_out_date,
        b1_0.number_of_guests,
        r1_0.room_id,
        r1_0.available,
        r1_0.dynamic_price_multiplier,
        r1_0.last_price_update,
        r1_0.price_per_night,
        r2_0.category_id,
        r2_0.category_name,
        r2_0.description,
        r1_0.room_number,
        r1_0.seasonal_rate,
        b1_0.special_requests,
        b1_0.status,
        b1_0.total_amount 
    from
        bookings b1_0 
    left join
        rooms r1_0 
            on r1_0.room_id=b1_0.room_id 
    left join
        room_categories r2_0 
            on r2_0.category_id=r1_0.category_id 
    where
        b1_0.guest_id=?
]]></system-out>
  </testcase>
  <testcase name="Day10_testUpdateGuest" classname="com.examly.springapp.SpringappApplicationTests" time="0.064">
    <system-out><![CDATA[2025-12-26T16:03:53.964Z  INFO 26961 --- [           main] com.examly.springapp.aop.LoggingAspect   : Entering controller method: updateGuest with arguments: [1, com.examly.springapp.model.Guest@540e593f]
2025-12-26T16:03:53.964Z  INFO 26961 --- [           main] com.examly.springapp.aop.LoggingAspect   : Updating entity via method: updateGuest
2025-12-26T16:03:53.964Z DEBUG 26961 --- [           main] com.examly.springapp.aop.LoggingAspect   : Entering service method: updateGuest with arguments: [1, com.examly.springapp.model.Guest@540e593f]
2025-12-26T16:03:53.964Z DEBUG 26961 --- [           main] com.examly.springapp.aop.LoggingAspect   : Executing repository method: findById with arguments: [1]
2025-12-26T16:03:53.965Z DEBUG 26961 --- [           main] org.hibernate.SQL                        : 
    select
        g1_0.guest_id,
        g1_0.address,
        g1_0.email,
        g1_0.name,
        g1_0.phone,
        g1_0.registration_date 
    from
        guests g1_0 
    where
        g1_0.guest_id=?
Hibernate: 
    select
        g1_0.guest_id,
        g1_0.address,
        g1_0.email,
        g1_0.name,
        g1_0.phone,
        g1_0.registration_date 
    from
        guests g1_0 
    where
        g1_0.guest_id=?
2025-12-26T16:03:53.966Z DEBUG 26961 --- [           main] com.examly.springapp.aop.LoggingAspect   : Repository method: findById executed successfully in 2 ms
2025-12-26T16:03:53.966Z DEBUG 26961 --- [           main] com.examly.springapp.aop.LoggingAspect   : Executing repository method: existsByEmail with arguments: [ravi@hotel.com]
2025-12-26T16:03:54.014Z DEBUG 26961 --- [           main] org.hibernate.SQL                        : 
    select
        g1_0.guest_id 
    from
        guests g1_0 
    where
        g1_0.email=? fetch first ? rows only
Hibernate: 
    select
        g1_0.guest_id 
    from
        guests g1_0 
    where
        g1_0.email=? fetch first ? rows only
2025-12-26T16:03:54.015Z DEBUG 26961 --- [           main] com.examly.springapp.aop.LoggingAspect   : Repository method: existsByEmail executed successfully in 49 ms
2025-12-26T16:03:54.015Z DEBUG 26961 --- [           main] com.examly.springapp.aop.LoggingAspect   : Executing repository method: existsByPhone with arguments: [9123456789]
2025-12-26T16:03:54.016Z DEBUG 26961 --- [           main] org.hibernate.SQL                        : 
    select
        g1_0.guest_id 
    from
        guests g1_0 
    where
        g1_0.phone=? fetch first ? rows only
Hibernate: 
    select
        g1_0.guest_id 
    from
        guests g1_0 
    where
        g1_0.phone=? fetch first ? rows only
2025-12-26T16:03:54.017Z DEBUG 26961 --- [           main] com.examly.springapp.aop.LoggingAspect   : Repository method: existsByPhone executed successfully in 2 ms
2025-12-26T16:03:54.017Z DEBUG 26961 --- [           main] com.examly.springapp.aop.LoggingAspect   : Executing repository method: save with arguments: [com.examly.springapp.model.Guest@488897ef]
2025-12-26T16:03:54.018Z DEBUG 26961 --- [           main] com.examly.springapp.aop.LoggingAspect   : Repository method: save executed successfully in 1 ms
2025-12-26T16:03:54.018Z DEBUG 26961 --- [           main] com.examly.springapp.aop.LoggingAspect   : Exiting service method: updateGuest with result: Guest
2025-12-26T16:03:54.018Z  INFO 26961 --- [           main] com.examly.springapp.aop.LoggingAspect   : Successfully updated entity via method: updateGuest
2025-12-26T16:03:54.018Z DEBUG 26961 --- [           main] org.hibernate.SQL                        : 
    update
        guests 
    set
        address=?,
        email=?,
        name=?,
        phone=?,
        registration_date=? 
    where
        guest_id=?
Hibernate: 
    update
        guests 
    set
        address=?,
        email=?,
        name=?,
        phone=?,
        registration_date=? 
    where
        guest_id=?
2025-12-26T16:03:54.020Z  INFO 26961 --- [           main] com.examly.springapp.aop.LoggingAspect   : Exiting controller method: updateGuest with result: ResponseEntity
2025-12-26T16:03:54.021Z DEBUG 26961 --- [           main] org.hibernate.SQL                        : 
    select
        b1_0.guest_id,
        b1_0.booking_id,
        b1_0.booking_date,
        b1_0.check_in_date,
        b1_0.check_out_date,
        b1_0.number_of_guests,
        r1_0.room_id,
        r1_0.available,
        r1_0.dynamic_price_multiplier,
        r1_0.last_price_update,
        r1_0.price_per_night,
        r2_0.category_id,
        r2_0.category_name,
        r2_0.description,
        r1_0.room_number,
        r1_0.seasonal_rate,
        b1_0.special_requests,
        b1_0.status,
        b1_0.total_amount 
    from
        bookings b1_0 
    left join
        rooms r1_0 
            on r1_0.room_id=b1_0.room_id 
    left join
        room_categories r2_0 
            on r2_0.category_id=r1_0.category_id 
    where
        b1_0.guest_id=?
Hibernate: 
    select
        b1_0.guest_id,
        b1_0.booking_id,
        b1_0.booking_date,
        b1_0.check_in_date,
        b1_0.check_out_date,
        b1_0.number_of_guests,
        r1_0.room_id,
        r1_0.available,
        r1_0.dynamic_price_multiplier,
        r1_0.last_price_update,
        r1_0.price_per_night,
        r2_0.category_id,
        r2_0.category_name,
        r2_0.description,
        r1_0.room_number,
        r1_0.seasonal_rate,
        b1_0.special_requests,
        b1_0.status,
        b1_0.total_amount 
    from
        bookings b1_0 
    left join
        rooms r1_0 
            on r1_0.room_id=b1_0.room_id 
    left join
        room_categories r2_0 
            on r2_0.category_id=r1_0.category_id 
    where
        b1_0.guest_id=?
]]></system-out>
  </testcase>
  <testcase name="Day11_testGetGuestsByPhone" classname="com.examly.springapp.SpringappApplicationTests" time="0.031">
    <system-out><![CDATA[2025-12-26T16:03:54.032Z  INFO 26961 --- [           main] com.examly.springapp.aop.LoggingAspect   : Entering controller method: getGuestsByPhone with arguments: [9123456789]
2025-12-26T16:03:54.032Z DEBUG 26961 --- [           main] com.examly.springapp.aop.LoggingAspect   : Entering service method: getGuestsByPhone with arguments: [9123456789]
2025-12-26T16:03:54.048Z DEBUG 26961 --- [           main] com.examly.springapp.aop.LoggingAspect   : Executing repository method: findByPhone with arguments: [9123456789]
2025-12-26T16:03:54.050Z DEBUG 26961 --- [           main] org.hibernate.SQL                        : 
    select
        g1_0.guest_id,
        g1_0.address,
        g1_0.email,
        g1_0.name,
        g1_0.phone,
        g1_0.registration_date 
    from
        guests g1_0 
    where
        g1_0.phone=?
Hibernate: 
    select
        g1_0.guest_id,
        g1_0.address,
        g1_0.email,
        g1_0.name,
        g1_0.phone,
        g1_0.registration_date 
    from
        guests g1_0 
    where
        g1_0.phone=?
2025-12-26T16:03:54.052Z DEBUG 26961 --- [           main] com.examly.springapp.aop.LoggingAspect   : Repository method: findByPhone executed successfully in 4 ms
2025-12-26T16:03:54.052Z DEBUG 26961 --- [           main] com.examly.springapp.aop.LoggingAspect   : Exiting service method: getGuestsByPhone with result: List12
2025-12-26T16:03:54.052Z  INFO 26961 --- [           main] com.examly.springapp.aop.LoggingAspect   : Exiting controller method: getGuestsByPhone with result: ResponseEntity
2025-12-26T16:03:54.054Z DEBUG 26961 --- [           main] org.hibernate.SQL                        : 
    select
        b1_0.guest_id,
        b1_0.booking_id,
        b1_0.booking_date,
        b1_0.check_in_date,
        b1_0.check_out_date,
        b1_0.number_of_guests,
        r1_0.room_id,
        r1_0.available,
        r1_0.dynamic_price_multiplier,
        r1_0.last_price_update,
        r1_0.price_per_night,
        r2_0.category_id,
        r2_0.category_name,
        r2_0.description,
        r1_0.room_number,
        r1_0.seasonal_rate,
        b1_0.special_requests,
        b1_0.status,
        b1_0.total_amount 
    from
        bookings b1_0 
    left join
        rooms r1_0 
            on r1_0.room_id=b1_0.room_id 
    left join
        room_categories r2_0 
            on r2_0.category_id=r1_0.category_id 
    where
        b1_0.guest_id=?
Hibernate: 
    select
        b1_0.guest_id,
        b1_0.booking_id,
        b1_0.booking_date,
        b1_0.check_in_date,
        b1_0.check_out_date,
        b1_0.number_of_guests,
        r1_0.room_id,
        r1_0.available,
        r1_0.dynamic_price_multiplier,
        r1_0.last_price_update,
        r1_0.price_per_night,
        r2_0.category_id,
        r2_0.category_name,
        r2_0.description,
        r1_0.room_number,
        r1_0.seasonal_rate,
        b1_0.special_requests,
        b1_0.status,
        b1_0.total_amount 
    from
        bookings b1_0 
    left join
        rooms r1_0 
            on r1_0.room_id=b1_0.room_id 
    left join
        room_categories r2_0 
            on r2_0.category_id=r1_0.category_id 
    where
        b1_0.guest_id=?
]]></system-out>
  </testcase>
  <testcase name="Day12_testGetRoomsByCategoryName" classname="com.examly.springapp.SpringappApplicationTests" time="0.059">
    <system-out><![CDATA[2025-12-26T16:03:54.059Z  INFO 26961 --- [           main] com.examly.springapp.aop.LoggingAspect   : Entering controller method: getRoomsByCategoryName with arguments: [Premium]
2025-12-26T16:03:54.060Z DEBUG 26961 --- [           main] com.examly.springapp.aop.LoggingAspect   : Entering service method: getRoomsByCategoryName with arguments: [Premium]
2025-12-26T16:03:54.060Z DEBUG 26961 --- [           main] com.examly.springapp.aop.LoggingAspect   : Executing repository method: findByRoomCategoryCategoryName with arguments: [Premium]
2025-12-26T16:03:54.065Z DEBUG 26961 --- [           main] org.hibernate.SQL                        : 
    select
        r1_0.room_id,
        r1_0.available,
        r1_0.dynamic_price_multiplier,
        r1_0.last_price_update,
        r1_0.price_per_night,
        r1_0.category_id,
        r1_0.room_number,
        r1_0.seasonal_rate 
    from
        rooms r1_0 
    join
        room_categories r2_0 
            on r2_0.category_id=r1_0.category_id 
    where
        r2_0.category_name=?
Hibernate: 
    select
        r1_0.room_id,
        r1_0.available,
        r1_0.dynamic_price_multiplier,
        r1_0.last_price_update,
        r1_0.price_per_night,
        r1_0.category_id,
        r1_0.room_number,
        r1_0.seasonal_rate 
    from
        rooms r1_0 
    join
        room_categories r2_0 
            on r2_0.category_id=r1_0.category_id 
    where
        r2_0.category_name=?
2025-12-26T16:03:54.066Z DEBUG 26961 --- [           main] org.hibernate.SQL                        : 
    select
        r1_0.category_id,
        r1_0.category_name,
        r1_0.description 
    from
        room_categories r1_0 
    where
        r1_0.category_id=?
Hibernate: 
    select
        r1_0.category_id,
        r1_0.category_name,
        r1_0.description 
    from
        room_categories r1_0 
    where
        r1_0.category_id=?
2025-12-26T16:03:54.067Z DEBUG 26961 --- [           main] com.examly.springapp.aop.LoggingAspect   : Repository method: findByRoomCategoryCategoryName executed successfully in 7 ms
2025-12-26T16:03:54.067Z DEBUG 26961 --- [           main] com.examly.springapp.aop.LoggingAspect   : Exiting service method: getRoomsByCategoryName with result: ArrayList
2025-12-26T16:03:54.068Z  INFO 26961 --- [           main] com.examly.springapp.aop.LoggingAspect   : Exiting controller method: getRoomsByCategoryName with result: ResponseEntity
]]></system-out>
  </testcase>
  <testcase name="Day12_testGetGuestByEmail" classname="com.examly.springapp.SpringappApplicationTests" time="0.019">
    <system-out><![CDATA[2025-12-26T16:03:54.118Z  INFO 26961 --- [           main] com.examly.springapp.aop.LoggingAspect   : Entering controller method: getGuestsByEmail with arguments: [ravi@hotel.com]
2025-12-26T16:03:54.119Z DEBUG 26961 --- [           main] com.examly.springapp.aop.LoggingAspect   : Entering service method: getGuestsByEmail with arguments: [ravi@hotel.com]
2025-12-26T16:03:54.119Z DEBUG 26961 --- [           main] com.examly.springapp.aop.LoggingAspect   : Executing repository method: findByEmail with arguments: [ravi@hotel.com]
2025-12-26T16:03:54.121Z DEBUG 26961 --- [           main] org.hibernate.SQL                        : 
    select
        g1_0.guest_id,
        g1_0.address,
        g1_0.email,
        g1_0.name,
        g1_0.phone,
        g1_0.registration_date 
    from
        guests g1_0 
    where
        g1_0.email=?
Hibernate: 
    select
        g1_0.guest_id,
        g1_0.address,
        g1_0.email,
        g1_0.name,
        g1_0.phone,
        g1_0.registration_date 
    from
        guests g1_0 
    where
        g1_0.email=?
2025-12-26T16:03:54.122Z DEBUG 26961 --- [           main] com.examly.springapp.aop.LoggingAspect   : Repository method: findByEmail executed successfully in 3 ms
2025-12-26T16:03:54.122Z DEBUG 26961 --- [           main] com.examly.springapp.aop.LoggingAspect   : Exiting service method: getGuestsByEmail with result: List12
2025-12-26T16:03:54.123Z  INFO 26961 --- [           main] com.examly.springapp.aop.LoggingAspect   : Exiting controller method: getGuestsByEmail with result: ResponseEntity
2025-12-26T16:03:54.132Z DEBUG 26961 --- [           main] org.hibernate.SQL                        : 
    select
        b1_0.guest_id,
        b1_0.booking_id,
        b1_0.booking_date,
        b1_0.check_in_date,
        b1_0.check_out_date,
        b1_0.number_of_guests,
        r1_0.room_id,
        r1_0.available,
        r1_0.dynamic_price_multiplier,
        r1_0.last_price_update,
        r1_0.price_per_night,
        r2_0.category_id,
        r2_0.category_name,
        r2_0.description,
        r1_0.room_number,
        r1_0.seasonal_rate,
        b1_0.special_requests,
        b1_0.status,
        b1_0.total_amount 
    from
        bookings b1_0 
    left join
        rooms r1_0 
            on r1_0.room_id=b1_0.room_id 
    left join
        room_categories r2_0 
            on r2_0.category_id=r1_0.category_id 
    where
        b1_0.guest_id=?
Hibernate: 
    select
        b1_0.guest_id,
        b1_0.booking_id,
        b1_0.booking_date,
        b1_0.check_in_date,
        b1_0.check_out_date,
        b1_0.number_of_guests,
        r1_0.room_id,
        r1_0.available,
        r1_0.dynamic_price_multiplier,
        r1_0.last_price_update,
        r1_0.price_per_night,
        r2_0.category_id,
        r2_0.category_name,
        r2_0.description,
        r1_0.room_number,
        r1_0.seasonal_rate,
        b1_0.special_requests,
        b1_0.status,
        b1_0.total_amount 
    from
        bookings b1_0 
    left join
        rooms r1_0 
            on r1_0.room_id=b1_0.room_id 
    left join
        room_categories r2_0 
            on r2_0.category_id=r1_0.category_id 
    where
        b1_0.guest_id=?
]]></system-out>
  </testcase>
  <testcase name="Day12_testGetGuestByPhone_NotFound" classname="com.examly.springapp.SpringappApplicationTests" time="0.007">
    <system-out><![CDATA[2025-12-26T16:03:54.138Z  INFO 26961 --- [           main] com.examly.springapp.aop.LoggingAspect   : Entering controller method: getGuestsByPhone with arguments: [9999999999]
2025-12-26T16:03:54.138Z DEBUG 26961 --- [           main] com.examly.springapp.aop.LoggingAspect   : Entering service method: getGuestsByPhone with arguments: [9999999999]
2025-12-26T16:03:54.138Z DEBUG 26961 --- [           main] com.examly.springapp.aop.LoggingAspect   : Executing repository method: findByPhone with arguments: [9999999999]
2025-12-26T16:03:54.139Z DEBUG 26961 --- [           main] org.hibernate.SQL                        : 
    select
        g1_0.guest_id,
        g1_0.address,
        g1_0.email,
        g1_0.name,
        g1_0.phone,
        g1_0.registration_date 
    from
        guests g1_0 
    where
        g1_0.phone=?
Hibernate: 
    select
        g1_0.guest_id,
        g1_0.address,
        g1_0.email,
        g1_0.name,
        g1_0.phone,
        g1_0.registration_date 
    from
        guests g1_0 
    where
        g1_0.phone=?
2025-12-26T16:03:54.140Z DEBUG 26961 --- [           main] com.examly.springapp.aop.LoggingAspect   : Repository method: findByPhone executed successfully in 2 ms
2025-12-26T16:03:54.140Z DEBUG 26961 --- [           main] com.examly.springapp.aop.LoggingAspect   : Exiting service method: getGuestsByPhone with result: ListN
2025-12-26T16:03:54.141Z  INFO 26961 --- [           main] com.examly.springapp.aop.LoggingAspect   : Exiting controller method: getGuestsByPhone with result: ResponseEntity
]]></system-out>
  </testcase>
  <testcase name="Day12_testGetRoomByNumber" classname="com.examly.springapp.SpringappApplicationTests" time="0.009">
    <system-out><![CDATA[2025-12-26T16:03:54.146Z  INFO 26961 --- [           main] com.examly.springapp.aop.LoggingAspect   : Entering controller method: getRoomsByNumber with arguments: [102]
2025-12-26T16:03:54.146Z DEBUG 26961 --- [           main] com.examly.springapp.aop.LoggingAspect   : Entering service method: getRoomsByNumber with arguments: [102]
2025-12-26T16:03:54.146Z DEBUG 26961 --- [           main] com.examly.springapp.aop.LoggingAspect   : Executing repository method: findByRoomNumber with arguments: [102]
2025-12-26T16:03:54.148Z DEBUG 26961 --- [           main] org.hibernate.SQL                        : 
    select
        r1_0.room_id,
        r1_0.available,
        r1_0.dynamic_price_multiplier,
        r1_0.last_price_update,
        r1_0.price_per_night,
        r1_0.category_id,
        r1_0.room_number,
        r1_0.seasonal_rate 
    from
        rooms r1_0 
    where
        r1_0.room_number=?
Hibernate: 
    select
        r1_0.room_id,
        r1_0.available,
        r1_0.dynamic_price_multiplier,
        r1_0.last_price_update,
        r1_0.price_per_night,
        r1_0.category_id,
        r1_0.room_number,
        r1_0.seasonal_rate 
    from
        rooms r1_0 
    where
        r1_0.room_number=?
2025-12-26T16:03:54.149Z DEBUG 26961 --- [           main] org.hibernate.SQL                        : 
    select
        r1_0.category_id,
        r1_0.category_name,
        r1_0.description 
    from
        room_categories r1_0 
    where
        r1_0.category_id=?
Hibernate: 
    select
        r1_0.category_id,
        r1_0.category_name,
        r1_0.description 
    from
        room_categories r1_0 
    where
        r1_0.category_id=?
2025-12-26T16:03:54.150Z DEBUG 26961 --- [           main] com.examly.springapp.aop.LoggingAspect   : Repository method: findByRoomNumber executed successfully in 4 ms
2025-12-26T16:03:54.150Z DEBUG 26961 --- [           main] com.examly.springapp.aop.LoggingAspect   : Exiting service method: getRoomsByNumber with result: List12
2025-12-26T16:03:54.150Z  INFO 26961 --- [           main] com.examly.springapp.aop.LoggingAspect   : Exiting controller method: getRoomsByNumber with result: ResponseEntity
]]></system-out>
  </testcase>
  <testcase name="Day12_testGetRoomByNumber_NotFound" classname="com.examly.springapp.SpringappApplicationTests" time="0.006">
    <system-out><![CDATA[2025-12-26T16:03:54.155Z  INFO 26961 --- [           main] com.examly.springapp.aop.LoggingAspect   : Entering controller method: getRoomsByNumber with arguments: [999]
2025-12-26T16:03:54.155Z DEBUG 26961 --- [           main] com.examly.springapp.aop.LoggingAspect   : Entering service method: getRoomsByNumber with arguments: [999]
2025-12-26T16:03:54.155Z DEBUG 26961 --- [           main] com.examly.springapp.aop.LoggingAspect   : Executing repository method: findByRoomNumber with arguments: [999]
2025-12-26T16:03:54.156Z DEBUG 26961 --- [           main] org.hibernate.SQL                        : 
    select
        r1_0.room_id,
        r1_0.available,
        r1_0.dynamic_price_multiplier,
        r1_0.last_price_update,
        r1_0.price_per_night,
        r1_0.category_id,
        r1_0.room_number,
        r1_0.seasonal_rate 
    from
        rooms r1_0 
    where
        r1_0.room_number=?
Hibernate: 
    select
        r1_0.room_id,
        r1_0.available,
        r1_0.dynamic_price_multiplier,
        r1_0.last_price_update,
        r1_0.price_per_night,
        r1_0.category_id,
        r1_0.room_number,
        r1_0.seasonal_rate 
    from
        rooms r1_0 
    where
        r1_0.room_number=?
2025-12-26T16:03:54.157Z DEBUG 26961 --- [           main] com.examly.springapp.aop.LoggingAspect   : Repository method: findByRoomNumber executed successfully in 2 ms
2025-12-26T16:03:54.157Z DEBUG 26961 --- [           main] com.examly.springapp.aop.LoggingAspect   : Exiting service method: getRoomsByNumber with result: ListN
2025-12-26T16:03:54.158Z  INFO 26961 --- [           main] com.examly.springapp.aop.LoggingAspect   : Exiting controller method: getRoomsByNumber with result: ResponseEntity
]]></system-out>
  </testcase>
  <testcase name="Day13_test_execption_Directory_Exists" classname="com.examly.springapp.SpringappApplicationTests" time="0.002"/>
  <testcase name="Day13_test_GloabalEception_File_Exists" classname="com.examly.springapp.SpringappApplicationTests" time="0.002"/>
  <testcase name="Day14_test_configuartion_Directory_Exists" classname="com.examly.springapp.SpringappApplicationTests" time="0.002"/>
  <testcase name="Day15_testAOPLogFileExists" classname="com.examly.springapp.SpringappApplicationTests" time="0.001"/>
</testsuite>